
2024-07-01 10:01:31,558 - INFO - 127.0.0.1
2024-07-01 10:01:31,561 - INFO - madioli26@hotmail.com
2024-07-01 11:58:26,153 - INFO - Conexión establecida (1 veces)
2024-07-01 11:58:34,691 - INFO - LEE EL SHEET POR LLAMADA DE FUNCION
2024-07-01 12:07:01,830 - INFO - Conexión establecida (1 veces)
2024-07-01 12:07:10,181 - INFO - LEE EL SHEET POR LLAMADA DE FUNCION
2024-07-01 12:09:10,184 - INFO - ENTRA A THREAD Y LEE EL SHEET POR HILO
2024-07-01 12:11:30,486 - INFO - ENTRA A THREAD Y LEE EL SHEET POR HILO
2024-07-01 12:13:10,110 - INFO - MODIFICO EL SHEET CORRECTAMENTE
2024-07-01 12:15:22,066 - INFO - ENTRA A THREAD Y LEE EL SHEET POR HILO
2024-07-01 12:17:39,463 - INFO - ENTRA A THREAD Y LEE EL SHEET POR HILO
2024-07-01 12:17:41,521 - INFO - MODIFICO EL SHEET CORRECTAMENTE
2024-07-01 12:19:54,284 - INFO - ENTRA A THREAD Y LEE EL SHEET POR HILO
2024-07-01 12:19:54,979 - INFO - MODIFICO EL SHEET CORRECTAMENTE
2024-07-01 12:22:09,817 - INFO - ENTRA A THREAD Y LEE EL SHEET POR HILO
2024-07-01 12:22:10,704 - INFO - MODIFICO EL SHEET CORRECTAMENTE
2024-07-01 12:24:21,825 - INFO - ENTRA A THREAD Y LEE EL SHEET POR HILO
2024-07-01 12:24:22,617 - INFO - MODIFICO EL SHEET CORRECTAMENTE
2024-07-01 12:26:30,827 - INFO - ENTRA A THREAD Y LEE EL SHEET POR HILO
2024-07-01 12:26:31,423 - INFO - MODIFICO EL SHEET CORRECTAMENTE
2024-07-01 12:29:00,017 - INFO - ENTRA A THREAD Y LEE EL SHEET POR HILO
2024-07-01 12:29:00,600 - INFO - MODIFICO EL SHEET CORRECTAMENTE
2024-07-01 12:31:07,472 - INFO - ENTRA A THREAD Y LEE EL SHEET POR HILO
2024-07-01 12:31:08,312 - INFO - MODIFICO EL SHEET CORRECTAMENTE
2024-07-01 12:33:15,711 - INFO - ENTRA A THREAD Y LEE EL SHEET POR HILO
2024-07-01 12:33:16,292 - INFO - MODIFICO EL SHEET CORRECTAMENTE
2024-07-01 12:35:19,397 - INFO - ENTRA A THREAD Y LEE EL SHEET POR HILO
2024-07-01 12:35:20,043 - INFO - MODIFICO EL SHEET CORRECTAMENTE
2024-07-01 12:37:30,862 - INFO - ENTRA A THREAD Y LEE EL SHEET POR HILO
2024-07-01 12:37:31,396 - INFO - MODIFICO EL SHEET CORRECTAMENTE
2024-07-01 13:58:06,842 - INFO - Conexión establecida (1 veces)
2024-07-01 14:22:42,071 - INFO - Conexión establecida (1 veces)
2024-07-01 15:05:22,558 - INFO - Conexión establecida (1 veces)
2024-07-01 15:07:19,614 - INFO - Conexión establecida (1 veces)
2024-07-01 15:07:20,315 - INFO - 127.0.0.1
2024-07-01 15:07:20,339 - INFO - madioli26@hotmail.com
2024-07-01 15:10:20,720 - INFO - Conexión establecida (1 veces)
2024-07-01 15:10:33,395 - INFO - 127.0.0.1
2024-07-01 15:10:33,400 - INFO - madioli26@hotmail.com
2024-07-01 15:13:49,836 - INFO - 127.0.0.1
2024-07-01 15:13:49,837 - INFO - madioli26@hotmail.com
2024-07-01 15:14:17,205 - INFO - 127.0.0.1
2024-07-01 15:14:17,231 - INFO - madioli26@hotmail.com
2024-07-01 15:18:18,036 - INFO - Conexión establecida (1 veces)
2024-07-01 15:18:19,085 - INFO - 127.0.0.1
2024-07-01 15:18:19,089 - INFO - madioli26@hotmail.com
2024-07-01 15:19:05,483 - INFO - 127.0.0.1
2024-07-01 15:19:05,507 - INFO - madioli26@hotmail.com
2024-07-01 15:19:40,778 - INFO - Conexión establecida (1 veces)
2024-07-01 15:30:14,318 - INFO - Conexión establecida (1 veces)
2024-07-01 15:30:15,027 - INFO - ____INTENTO ENTRAR____
2024-07-01 15:30:15,039 - INFO - 127.0.0.1
2024-07-01 15:30:15,045 - INFO - None
2024-07-01 15:31:35,522 - INFO - Conexión establecida (1 veces)
2024-07-01 15:31:36,261 - INFO - ____INTENTO ENTRAR____
2024-07-01 15:31:36,265 - INFO - 127.0.0.1
2024-07-01 15:31:36,268 - INFO - None
2024-07-01 15:31:48,240 - INFO - madioli26@hotmail.com
2024-07-01 15:33:22,926 - INFO - Conexión establecida (1 veces)
2024-07-01 15:38:20,935 - INFO - madioli26@hotmail.com
2024-07-01 15:47:29,478 - INFO - Conexión establecida (1 veces)
2024-07-01 15:50:37,714 - INFO - Conexión establecida (1 veces)
2024-07-02 09:16:07,667 - INFO - madioli26@hotmail.com
2024-07-02 09:21:24,676 - INFO - madioli26@hotmail.com
2024-07-02 09:37:14,848 - INFO - madioli26@hotmail.com
2024-07-02 09:55:20,655 - INFO - madioli26@hotmail.com
2024-07-02 10:09:08,136 - INFO - madioli26@hotmail.com
2024-07-02 10:24:34,105 - INFO - madioli26@hotmail.com
2024-07-02 11:51:13,812 - INFO - ____INTENTO ENTRAR____
2024-07-02 11:51:13,829 - INFO - 127.0.0.1
2024-07-02 11:51:13,831 - INFO - None
2024-07-02 11:51:36,658 - INFO - Conexión establecida (1 veces)
2024-07-02 11:51:37,730 - INFO - madioli26@hotmail.com
2024-07-02 12:05:18,997 - INFO - LEE EL SHEET POR LLAMADA DE FUNCION
2024-07-02 12:10:53,175 - INFO - LEE EL SHEET POR LLAMADA DE FUNCION
2024-07-02 12:12:53,419 - INFO - ENTRA A THREAD Y LEE EL SHEET POR HILO
2024-07-02 12:15:07,579 - INFO - LEE EL SHEET POR LLAMADA DE FUNCION
2024-07-02 12:17:07,590 - INFO - ENTRA A THREAD Y LEE EL SHEET POR HILO
2024-07-02 12:19:27,053 - INFO - ENTRA A THREAD Y LEE EL SHEET POR HILO
2024-07-02 12:24:50,740 - INFO - ENTRA A THREAD Y LEE EL SHEET POR HILO
2024-07-02 12:27:30,140 - INFO - LEE EL SHEET POR LLAMADA DE FUNCION
2024-07-02 12:29:30,156 - INFO - ENTRA A THREAD Y LEE EL SHEET POR HILO
2024-07-02 12:31:59,457 - INFO - ENTRA A THREAD Y LEE EL SHEET POR HILO
2024-07-02 12:32:01,776 - INFO - MODIFICO EL SHEET CORRECTAMENTE
2024-07-02 12:34:10,811 - INFO - ENTRA A THREAD Y LEE EL SHEET POR HILO
2024-07-02 12:34:11,432 - INFO - MODIFICO EL SHEET CORRECTAMENTE
